<?xml version="1.0" encoding="UTF-8"?>
<!-- Generated by org.testng.reporters.JUnitReportReporter -->
<testsuite skipped="0" hostname="PunitNanda-PC" name="chromebrowser.launchApp" tests="1" failures="0" timestamp="09 Jul 2020 11:48:19 GMT" time="17.002" errors="0">
  <testcase name="openBrowser" time="17.002" classname="chromebrowser.launchApp"/>
</testsuite> <!-- chromebrowser.launchApp -->
